[2023-07-03 19:58:05] Text message: Fuck It's ERROR :-( | File: /home/alex/www/e-shop/public/index.php | Line: 12
===================
[2023-07-03 19:58:15] Text message: Fuck It's ERROR :-( | File: /home/alex/www/e-shop/public/index.php | Line: 12
===================
[2023-07-03 19:59:55] Text message: foreach() argument must be of type array|object, bool given | File: /home/alex/www/e-shop/app/core/App.php | Line: 20
===================
[2023-07-03 19:59:56] Text message: foreach() argument must be of type array|object, bool given | File: /home/alex/www/e-shop/app/core/App.php | Line: 20
===================
[2023-07-03 20:02:02] Text message: Undefined variable $test | File: /home/alex/www/e-shop/public/index.php | Line: 11
===================
[2023-07-03 20:10:55] Message: Fuck It's ERROR :-( | File: /home/alex/www/e-shop/public/index.php | Line: 13
-------------------------
[2023-07-03 20:10:55] Message: Fuck It's ERROR :-( | File: /home/alex/www/e-shop/public/index.php | Line: 13
-------------------------
[2023-07-03 20:10:55] Message: Fuck It's ERROR :-( | File: /home/alex/www/e-shop/public/index.php | Line: 13
-------------------------
[2023-07-03 20:11:27] Message: Fuck It's ERROR :-( | File: /home/alex/www/e-shop/public/index.php | Line: 13
-------------------------
[2023-07-03 20:11:27] Message: Fuck It's ERROR :-( | File: /home/alex/www/e-shop/public/index.php | Line: 13
-------------------------
[2023-07-03 20:11:27] Message: Fuck It's ERROR :-( | File: /home/alex/www/e-shop/public/index.php | Line: 13
-------------------------
[2023-07-03 20:12:06] Message: Fuck It's ERROR :-( | File: /home/alex/www/e-shop/public/index.php | Line: 13
-------------------------
[2023-07-03 20:12:06] Message: Fuck It's ERROR :-( | File: /home/alex/www/e-shop/public/index.php | Line: 13
-------------------------
[2023-07-03 20:12:06] Message: Fuck It's ERROR :-( | File: /home/alex/www/e-shop/public/index.php | Line: 13
-------------------------
[2023-07-03 20:12:11] Message: Fuck It's ERROR :-( | File: /home/alex/www/e-shop/public/index.php | Line: 13
-------------------------
[2023-07-03 20:12:11] Message: Fuck It's ERROR :-( | File: /home/alex/www/e-shop/public/index.php | Line: 13
-------------------------
[2023-07-03 20:12:11] Message: Fuck It's ERROR :-( | File: /home/alex/www/e-shop/public/index.php | Line: 13
-------------------------
[2023-07-03 20:13:23] Message: Fuck It's ERROR :-( | File: /home/alex/www/e-shop/public/index.php | Line: 13
-------------------------
[2023-07-03 20:13:23] Message: Fuck It's ERROR :-( | File: /home/alex/www/e-shop/public/index.php | Line: 13
-------------------------
[2023-07-03 20:13:23] Message: Fuck It's ERROR :-( | File: /home/alex/www/e-shop/public/index.php | Line: 13
-------------------------
[2023-07-03 20:18:37] Message: Fuck It's ERROR :-( | File: /home/alex/www/e-shop/public/index.php | Line: 13
-------------------------
[2023-07-03 20:18:37] Message: Fuck It's ERROR :-( | File: /home/alex/www/e-shop/public/index.php | Line: 13
-------------------------
[2023-07-03 20:18:37] Message: Fuck It's ERROR :-( | File: /home/alex/www/e-shop/public/index.php | Line: 13
-------------------------
[2023-07-03 20:23:09] Message: Fuck It's ERROR :-( | File: /home/alex/www/e-shop/public/index.php | Line: 13
-------------------------
[2023-07-03 20:24:24] Message: Fuck It's ERROR :-( | File: /home/alex/www/e-shop/public/index.php | Line: 13
-------------------------
[2023-07-03 20:24:48] Message: Fuck It's ERROR :-( | File: /home/alex/www/e-shop/public/index.php | Line: 13
-------------------------
[2023-07-03 20:25:58] Message: Fuck It's ERROR :-( | File: /home/alex/www/e-shop/public/index.php | Line: 13
-------------------------
[2023-07-03 20:25:58] Message: Fuck It's ERROR :-( | File: /home/alex/www/e-shop/public/index.php | Line: 13
-------------------------
[2023-07-03 20:25:58] Message: Fuck It's ERROR :-( | File: /home/alex/www/e-shop/public/index.php | Line: 13
-------------------------
[2023-07-03 20:26:40] Message: Fuck It's ERROR :-( | File: /home/alex/www/e-shop/public/index.php | Line: 13
-------------------------
[2023-07-03 20:26:43] Message: Fuck It's ERROR :-( | File: /home/alex/www/e-shop/public/index.php | Line: 13
-------------------------
[2023-07-03 20:26:45] Message: Fuck It's ERROR :-( | File: /home/alex/www/e-shop/public/index.php | Line: 13
-------------------------
[2023-07-03 20:26:47] Message: Fuck It's ERROR :-( | File: /home/alex/www/e-shop/public/index.php | Line: 13
-------------------------
[2023-07-03 20:34:40] Message: Fuck It's ERROR :-( | File: /home/alex/www/e-shop/public/index.php | Line: 13
-------------------------
[2023-07-03 20:36:29] Message: Undefined variable $test | File: /home/alex/www/e-shop/public/index.php | Line: 14
-------------------------
[2023-07-03 20:36:37] Message: Undefined variable $test | File: /home/alex/www/e-shop/public/index.php | Line: 14
-------------------------
[2023-07-03 20:36:38] Message: Undefined variable $test | File: /home/alex/www/e-shop/public/index.php | Line: 14
-------------------------
[2023-07-03 20:40:29] Message: Fuck It's ERROR :-( | File: /home/alex/www/e-shop/public/index.php | Line: 13
-------------------------
[2023-07-03 20:40:29] Message: Fuck It's ERROR :-( | File: /home/alex/www/e-shop/public/index.php | Line: 13
-------------------------
[2023-07-03 20:40:29] Message: Fuck It's ERROR :-( | File: /home/alex/www/e-shop/public/index.php | Line: 13
-------------------------
[2023-07-03 20:40:32] Message: Fuck It's ERROR :-( | File: /home/alex/www/e-shop/public/index.php | Line: 13
-------------------------
[2023-07-03 20:40:32] Message: Fuck It's ERROR :-( | File: /home/alex/www/e-shop/public/index.php | Line: 13
-------------------------
[2023-07-03 20:40:32] Message: Fuck It's ERROR :-( | File: /home/alex/www/e-shop/public/index.php | Line: 13
-------------------------
[2023-07-03 20:50:06] Message: Fuck It's ERROR :-( | File: /home/alex/www/e-shop/public/index.php | Line: 13
-------------------------
[2023-07-03 20:50:06] Message: Fuck It's ERROR :-( | File: /home/alex/www/e-shop/public/index.php | Line: 13
-------------------------
[2023-07-03 20:50:06] Message: Fuck It's ERROR :-( | File: /home/alex/www/e-shop/public/index.php | Line: 13
-------------------------
[2023-07-03 20:50:06] Message: Fuck It's ERROR :-( | File: /home/alex/www/e-shop/public/index.php | Line: 13
-------------------------
[2023-07-03 20:50:09] Message: Fuck It's ERROR :-( | File: /home/alex/www/e-shop/public/index.php | Line: 13
-------------------------
[2023-07-03 20:50:09] Message: Fuck It's ERROR :-( | File: /home/alex/www/e-shop/public/index.php | Line: 13
-------------------------
[2023-07-03 20:50:09] Message: Fuck It's ERROR :-( | File: /home/alex/www/e-shop/public/index.php | Line: 13
-------------------------
[2023-07-03 20:50:09] Message: Fuck It's ERROR :-( | File: /home/alex/www/e-shop/public/index.php | Line: 13
-------------------------
[2023-07-03 20:50:46] Message: Fuck It's ERROR :-( | File: /home/alex/www/e-shop/public/index.php | Line: 13
-------------------------
[2023-07-03 20:50:46] Message: Fuck It's ERROR :-( | File: /home/alex/www/e-shop/public/index.php | Line: 13
-------------------------
[2023-07-03 20:50:46] Message: Fuck It's ERROR :-( | File: /home/alex/www/e-shop/public/index.php | Line: 13
-------------------------
[2023-07-03 20:50:46] Message: Fuck It's ERROR :-( | File: /home/alex/www/e-shop/public/index.php | Line: 13
-------------------------
[2023-07-03 20:50:46] Message: Fuck It's ERROR :-( | File: /home/alex/www/e-shop/public/index.php | Line: 13
-------------------------
[2023-07-03 20:51:39] Message: Fuck It's ERROR :-( | File: /home/alex/www/e-shop/public/index.php | Line: 13
-------------------------
[2023-07-03 20:51:39] Message: Fuck It's ERROR :-( | File: /home/alex/www/e-shop/public/index.php | Line: 13
-------------------------
[2023-07-03 20:51:39] Message: Fuck It's ERROR :-( | File: /home/alex/www/e-shop/public/index.php | Line: 13
-------------------------
[2023-07-03 20:51:39] Message: Fuck It's ERROR :-( | File: /home/alex/www/e-shop/public/index.php | Line: 13
-------------------------
[2023-07-03 20:51:39] Message: Fuck It's ERROR :-( | File: /home/alex/www/e-shop/public/index.php | Line: 13
-------------------------
[2023-07-03 20:51:39] Message: Fuck It's ERROR :-( | File: /home/alex/www/e-shop/public/index.php | Line: 13
-------------------------
[2023-07-03 20:51:39] Message: Fuck It's ERROR :-( | File: /home/alex/www/e-shop/public/index.php | Line: 13
-------------------------
[2023-07-03 20:51:41] Message: Fuck It's ERROR :-( | File: /home/alex/www/e-shop/public/index.php | Line: 13
-------------------------
[2023-07-03 20:51:41] Message: Fuck It's ERROR :-( | File: /home/alex/www/e-shop/public/index.php | Line: 13
-------------------------
[2023-07-03 20:51:41] Message: Fuck It's ERROR :-( | File: /home/alex/www/e-shop/public/index.php | Line: 13
-------------------------
[2023-07-03 20:51:41] Message: Fuck It's ERROR :-( | File: /home/alex/www/e-shop/public/index.php | Line: 13
-------------------------
[2023-07-03 20:51:41] Message: Fuck It's ERROR :-( | File: /home/alex/www/e-shop/public/index.php | Line: 13
-------------------------
[2023-07-03 20:51:41] Message: Fuck It's ERROR :-( | File: /home/alex/www/e-shop/public/index.php | Line: 13
-------------------------
[2023-07-03 20:54:31] Message: Fuck It's ERROR :-( | File: /home/alex/www/e-shop/public/index.php | Line: 13
-------------------------
[2023-07-03 20:54:31] Message: Fuck It's ERROR :-( | File: /home/alex/www/e-shop/public/index.php | Line: 13
-------------------------
[2023-07-03 20:54:31] Message: Fuck It's ERROR :-( | File: /home/alex/www/e-shop/public/index.php | Line: 13
-------------------------
[2023-07-03 20:54:31] Message: Fuck It's ERROR :-( | File: /home/alex/www/e-shop/public/index.php | Line: 13
-------------------------
[2023-07-03 20:54:31] Message: Fuck It's ERROR :-( | File: /home/alex/www/e-shop/public/index.php | Line: 13
-------------------------
[2023-07-03 20:55:21] Message: Fuck It's ERROR :-( | File: /home/alex/www/e-shop/public/index.php | Line: 13
-------------------------
[2023-07-03 20:55:21] Message: Fuck It's ERROR :-( | File: /home/alex/www/e-shop/public/index.php | Line: 13
-------------------------
[2023-07-03 20:55:21] Message: Fuck It's ERROR :-( | File: /home/alex/www/e-shop/public/index.php | Line: 13
-------------------------
[2023-07-03 20:55:21] Message: Fuck It's ERROR :-( | File: /home/alex/www/e-shop/public/index.php | Line: 13
-------------------------
[2023-07-03 20:55:21] Message: Fuck It's ERROR :-( | File: /home/alex/www/e-shop/public/index.php | Line: 13
-------------------------
[2023-07-03 20:57:12] Message: Fuck It's ERROR :-( | File: /home/alex/www/e-shop/public/index.php | Line: 13
-------------------------
[2023-07-03 20:57:12] Message: Fuck It's ERROR :-( | File: /home/alex/www/e-shop/public/index.php | Line: 13
-------------------------
[2023-07-03 20:57:12] Message: Fuck It's ERROR :-( | File: /home/alex/www/e-shop/public/index.php | Line: 13
-------------------------
[2023-07-03 20:57:12] Message: Fuck It's ERROR :-( | File: /home/alex/www/e-shop/public/index.php | Line: 13
-------------------------
[2023-07-03 20:57:12] Message: Fuck It's ERROR :-( | File: /home/alex/www/e-shop/public/index.php | Line: 13
-------------------------
[2023-07-03 20:58:01] Message: Fuck It's ERROR :-( | File: /home/alex/www/e-shop/public/index.php | Line: 13
-------------------------
[2023-07-03 20:58:01] Message: Fuck It's ERROR :-( | File: /home/alex/www/e-shop/public/index.php | Line: 13
-------------------------
[2023-07-03 20:58:01] Message: Fuck It's ERROR :-( | File: /home/alex/www/e-shop/public/index.php | Line: 13
-------------------------
[2023-07-03 20:58:01] Message: Fuck It's ERROR :-( | File: /home/alex/www/e-shop/public/index.php | Line: 13
-------------------------
[2023-07-03 20:58:01] Message: Fuck It's ERROR :-( | File: /home/alex/www/e-shop/public/index.php | Line: 13
-------------------------
[2023-07-03 20:58:03] Message: Fuck It's ERROR :-( | File: /home/alex/www/e-shop/public/index.php | Line: 13
-------------------------
[2023-07-03 20:58:03] Message: Fuck It's ERROR :-( | File: /home/alex/www/e-shop/public/index.php | Line: 13
-------------------------
[2023-07-03 20:58:03] Message: Fuck It's ERROR :-( | File: /home/alex/www/e-shop/public/index.php | Line: 13
-------------------------
[2023-07-03 20:58:03] Message: Fuck It's ERROR :-( | File: /home/alex/www/e-shop/public/index.php | Line: 13
-------------------------
[2023-07-03 20:58:03] Message: Fuck It's ERROR :-( | File: /home/alex/www/e-shop/public/index.php | Line: 13
-------------------------
[2023-07-03 20:58:31] Message: Fuck It's ERROR :-( | File: /home/alex/www/e-shop/public/index.php | Line: 13
-------------------------
[2023-07-03 20:58:45] Message: Fuck It's ERROR :-( | File: /home/alex/www/e-shop/public/index.php | Line: 13
-------------------------
[2023-07-03 20:58:45] Message: Fuck It's ERROR :-( | File: /home/alex/www/e-shop/public/index.php | Line: 13
-------------------------
[2023-07-03 20:58:45] Message: Fuck It's ERROR :-( | File: /home/alex/www/e-shop/public/index.php | Line: 13
-------------------------
[2023-07-03 20:58:45] Message: Fuck It's ERROR :-( | File: /home/alex/www/e-shop/public/index.php | Line: 13
-------------------------
[2023-07-03 20:58:45] Message: Fuck It's ERROR :-( | File: /home/alex/www/e-shop/public/index.php | Line: 13
-------------------------
[2023-07-03 21:01:34] Message: Fuck It's ERROR :-( | File: /home/alex/www/e-shop/public/index.php | Line: 13
-------------------------
[2023-07-03 21:01:34] Message: Fuck It's ERROR :-( | File: /home/alex/www/e-shop/public/index.php | Line: 13
-------------------------
[2023-07-03 21:01:34] Message: Fuck It's ERROR :-( | File: /home/alex/www/e-shop/public/index.php | Line: 13
-------------------------
[2023-07-03 21:01:34] Message: Fuck It's ERROR :-( | File: /home/alex/www/e-shop/public/index.php | Line: 13
-------------------------
[2023-07-03 21:01:34] Message: Fuck It's ERROR :-( | File: /home/alex/www/e-shop/public/index.php | Line: 13
-------------------------
[2023-07-03 21:01:34] Message: Fuck It's ERROR :-( | File: /home/alex/www/e-shop/public/index.php | Line: 13
-------------------------
[2023-07-03 21:01:34] Message: Fuck It's ERROR :-( | File: /home/alex/www/e-shop/public/index.php | Line: 13
-------------------------
[2023-07-03 21:01:34] Message: Fuck It's ERROR :-( | File: /home/alex/www/e-shop/public/index.php | Line: 13
-------------------------
[2023-07-03 21:01:41] Message: Fuck It's ERROR :-( | File: /home/alex/www/e-shop/public/index.php | Line: 13
-------------------------
[2023-07-03 21:01:42] Message: Fuck It's ERROR :-( | File: /home/alex/www/e-shop/public/index.php | Line: 13
-------------------------
[2023-07-03 21:01:42] Message: Fuck It's ERROR :-( | File: /home/alex/www/e-shop/public/index.php | Line: 13
-------------------------
[2023-07-03 21:01:42] Message: Fuck It's ERROR :-( | File: /home/alex/www/e-shop/public/index.php | Line: 13
-------------------------
[2023-07-03 21:01:42] Message: Fuck It's ERROR :-( | File: /home/alex/www/e-shop/public/index.php | Line: 13
-------------------------
[2023-07-03 21:01:42] Message: Fuck It's ERROR :-( | File: /home/alex/www/e-shop/public/index.php | Line: 13
-------------------------
[2023-07-03 21:01:42] Message: Fuck It's ERROR :-( | File: /home/alex/www/e-shop/public/index.php | Line: 13
-------------------------
[2023-07-03 21:01:42] Message: Fuck It's ERROR :-( | File: /home/alex/www/e-shop/public/index.php | Line: 13
-------------------------
[2023-07-03 21:01:56] Message: Fuck It's ERROR :-( | File: /home/alex/www/e-shop/public/index.php | Line: 13
-------------------------
[2023-07-03 21:01:56] Message: Fuck It's ERROR :-( | File: /home/alex/www/e-shop/public/index.php | Line: 13
-------------------------
[2023-07-03 21:01:56] Message: Fuck It's ERROR :-( | File: /home/alex/www/e-shop/public/index.php | Line: 13
-------------------------
[2023-07-03 21:01:56] Message: Fuck It's ERROR :-( | File: /home/alex/www/e-shop/public/index.php | Line: 13
-------------------------
[2023-07-03 21:01:56] Message: Fuck It's ERROR :-( | File: /home/alex/www/e-shop/public/index.php | Line: 13
-------------------------
[2023-07-03 21:01:56] Message: Fuck It's ERROR :-( | File: /home/alex/www/e-shop/public/index.php | Line: 13
-------------------------
[2023-07-03 21:01:56] Message: Fuck It's ERROR :-( | File: /home/alex/www/e-shop/public/index.php | Line: 13
-------------------------
[2023-07-03 21:01:56] Message: Fuck It's ERROR :-( | File: /home/alex/www/e-shop/public/index.php | Line: 13
-------------------------
[2023-07-03 21:02:02] Message: Fuck It's ERROR :-( | File: /home/alex/www/e-shop/public/index.php | Line: 13
-------------------------
[2023-07-03 21:02:24] Message: Fuck It's ERROR :-( | File: /home/alex/www/e-shop/public/index.php | Line: 13
-------------------------
[2023-07-03 21:02:24] Message: Fuck It's ERROR :-( | File: /home/alex/www/e-shop/public/index.php | Line: 13
-------------------------
[2023-07-03 21:02:24] Message: Fuck It's ERROR :-( | File: /home/alex/www/e-shop/public/index.php | Line: 13
-------------------------
[2023-07-03 21:02:24] Message: Fuck It's ERROR :-( | File: /home/alex/www/e-shop/public/index.php | Line: 13
-------------------------
[2023-07-03 21:02:24] Message: Fuck It's ERROR :-( | File: /home/alex/www/e-shop/public/index.php | Line: 13
-------------------------
[2023-07-03 21:02:24] Message: Fuck It's ERROR :-( | File: /home/alex/www/e-shop/public/index.php | Line: 13
-------------------------
[2023-07-03 21:02:24] Message: Fuck It's ERROR :-( | File: /home/alex/www/e-shop/public/index.php | Line: 13
-------------------------
[2023-07-03 21:02:25] Message: Fuck It's ERROR :-( | File: /home/alex/www/e-shop/public/index.php | Line: 13
-------------------------
[2023-07-03 21:03:35] Message: Fuck It's ERROR :-( | File: /home/alex/www/e-shop/public/index.php | Line: 13
-------------------------
[2023-07-03 21:05:21] Message: Fuck It's ERROR :-( | File: /home/alex/www/e-shop/public/index.php | Line: 13
-------------------------
[2023-07-03 21:05:21] Message: Fuck It's ERROR :-( | File: /home/alex/www/e-shop/public/index.php | Line: 13
-------------------------
[2023-07-03 21:05:21] Message: Fuck It's ERROR :-( | File: /home/alex/www/e-shop/public/index.php | Line: 13
-------------------------
[2023-07-03 21:05:21] Message: Fuck It's ERROR :-( | File: /home/alex/www/e-shop/public/index.php | Line: 13
-------------------------
[2023-07-03 21:05:21] Message: Fuck It's ERROR :-( | File: /home/alex/www/e-shop/public/index.php | Line: 13
-------------------------
[2023-07-03 21:05:21] Message: Fuck It's ERROR :-( | File: /home/alex/www/e-shop/public/index.php | Line: 13
-------------------------
[2023-07-03 21:05:21] Message: Fuck It's ERROR :-( | File: /home/alex/www/e-shop/public/index.php | Line: 13
-------------------------
[2023-07-03 21:05:21] Message: Fuck It's ERROR :-( | File: /home/alex/www/e-shop/public/index.php | Line: 13
-------------------------
[2023-07-03 21:05:33] Message: Fuck It's ERROR :-( | File: /home/alex/www/e-shop/public/index.php | Line: 13
-------------------------
[2023-07-03 21:05:33] Message: Fuck It's ERROR :-( | File: /home/alex/www/e-shop/public/index.php | Line: 13
-------------------------
[2023-07-03 21:05:33] Message: Fuck It's ERROR :-( | File: /home/alex/www/e-shop/public/index.php | Line: 13
-------------------------
[2023-07-03 21:05:33] Message: Fuck It's ERROR :-( | File: /home/alex/www/e-shop/public/index.php | Line: 13
-------------------------
[2023-07-03 21:05:33] Message: Fuck It's ERROR :-( | File: /home/alex/www/e-shop/public/index.php | Line: 13
-------------------------
[2023-07-03 21:05:33] Message: Fuck It's ERROR :-( | File: /home/alex/www/e-shop/public/index.php | Line: 13
-------------------------
[2023-07-03 21:05:33] Message: Fuck It's ERROR :-( | File: /home/alex/www/e-shop/public/index.php | Line: 13
-------------------------
[2023-07-03 21:05:33] Message: Fuck It's ERROR :-( | File: /home/alex/www/e-shop/public/index.php | Line: 13
-------------------------
[2023-07-03 21:05:37] Message: Fuck It's ERROR :-( | File: /home/alex/www/e-shop/public/index.php | Line: 13
-------------------------
[2023-07-03 21:07:25] Message: Fuck It's ERROR :-( | File: /home/alex/www/e-shop/public/index.php | Line: 13
-------------------------
[2023-07-03 21:07:25] Message: Fuck It's ERROR :-( | File: /home/alex/www/e-shop/public/index.php | Line: 13
-------------------------
[2023-07-03 21:07:25] Message: Fuck It's ERROR :-( | File: /home/alex/www/e-shop/public/index.php | Line: 13
-------------------------
[2023-07-03 21:07:25] Message: Fuck It's ERROR :-( | File: /home/alex/www/e-shop/public/index.php | Line: 13
-------------------------
[2023-07-03 21:07:25] Message: Fuck It's ERROR :-( | File: /home/alex/www/e-shop/public/index.php | Line: 13
-------------------------
[2023-07-03 21:07:26] Message: Fuck It's ERROR :-( | File: /home/alex/www/e-shop/public/index.php | Line: 13
-------------------------
[2023-07-03 21:07:26] Message: Fuck It's ERROR :-( | File: /home/alex/www/e-shop/public/index.php | Line: 13
-------------------------
[2023-07-03 21:07:26] Message: Fuck It's ERROR :-( | File: /home/alex/www/e-shop/public/index.php | Line: 13
-------------------------
[2023-07-03 21:07:26] Message: Fuck It's ERROR :-( | File: /home/alex/www/e-shop/public/index.php | Line: 13
-------------------------
[2023-07-03 22:34:30] Message: Fuck It's ERROR :-( | File: /home/alex/www/e-shop/public/index.php | Line: 13
-------------------------
[2023-07-03 22:34:30] Message: Fuck It's ERROR :-( | File: /home/alex/www/e-shop/public/index.php | Line: 13
-------------------------
[2023-07-03 22:34:30] Message: Fuck It's ERROR :-( | File: /home/alex/www/e-shop/public/index.php | Line: 13
-------------------------
[2023-07-03 22:34:30] Message: Fuck It's ERROR :-( | File: /home/alex/www/e-shop/public/index.php | Line: 13
-------------------------
[2023-07-03 22:34:30] Message: Fuck It's ERROR :-( | File: /home/alex/www/e-shop/public/index.php | Line: 13
-------------------------
[2023-07-03 22:34:30] Message: Fuck It's ERROR :-( | File: /home/alex/www/e-shop/public/index.php | Line: 13
-------------------------
[2023-07-03 22:34:30] Message: Fuck It's ERROR :-( | File: /home/alex/www/e-shop/public/index.php | Line: 13
-------------------------
[2023-07-03 22:34:30] Message: Fuck It's ERROR :-( | File: /home/alex/www/e-shop/public/index.php | Line: 13
-------------------------
[2023-07-03 22:34:30] Message: Fuck It's ERROR :-( | File: /home/alex/www/e-shop/public/index.php | Line: 13
-------------------------
[2023-07-03 22:34:30] Message: Fuck It's ERROR :-( | File: /home/alex/www/e-shop/public/index.php | Line: 13
-------------------------
[2023-07-03 22:53:26] Message: Fuck It's ERROR :-( | File: /home/alex/www/e-shop/public/index.php | Line: 13
-------------------------
[2023-07-03 22:53:26] Message: Fuck It's ERROR :-( | File: /home/alex/www/e-shop/public/index.php | Line: 13
-------------------------
[2023-07-03 22:53:26] Message: Fuck It's ERROR :-( | File: /home/alex/www/e-shop/public/index.php | Line: 13
-------------------------
[2023-07-03 22:53:26] Message: Fuck It's ERROR :-( | File: /home/alex/www/e-shop/public/index.php | Line: 13
-------------------------
[2023-07-03 22:53:26] Message: Fuck It's ERROR :-( | File: /home/alex/www/e-shop/public/index.php | Line: 13
-------------------------
[2023-07-03 22:53:26] Message: Fuck It's ERROR :-( | File: /home/alex/www/e-shop/public/index.php | Line: 13
-------------------------
[2023-07-03 22:53:26] Message: Fuck It's ERROR :-( | File: /home/alex/www/e-shop/public/index.php | Line: 13
-------------------------
[2023-07-03 22:53:26] Message: Fuck It's ERROR :-( | File: /home/alex/www/e-shop/public/index.php | Line: 13
-------------------------
[2023-07-03 22:53:26] Message: Fuck It's ERROR :-( | File: /home/alex/www/e-shop/public/index.php | Line: 13
-------------------------
[2023-07-03 23:03:49] Message: Fuck It's ERROR :-( | File: /home/alex/www/e-shop/public/index.php | Line: 13
-------------------------
[2023-07-03 23:03:49] Message: Fuck It's ERROR :-( | File: /home/alex/www/e-shop/public/index.php | Line: 13
-------------------------
[2023-07-03 23:03:49] Message: Fuck It's ERROR :-( | File: /home/alex/www/e-shop/public/index.php | Line: 13
-------------------------
[2023-07-03 23:03:49] Message: Fuck It's ERROR :-( | File: /home/alex/www/e-shop/public/index.php | Line: 13
-------------------------
[2023-07-03 23:03:49] Message: Fuck It's ERROR :-( | File: /home/alex/www/e-shop/public/index.php | Line: 13
-------------------------
[2023-07-03 23:03:49] Message: Fuck It's ERROR :-( | File: /home/alex/www/e-shop/public/index.php | Line: 13
-------------------------
[2023-07-03 23:03:49] Message: Fuck It's ERROR :-( | File: /home/alex/www/e-shop/public/index.php | Line: 13
-------------------------
[2023-07-03 23:03:49] Message: Fuck It's ERROR :-( | File: /home/alex/www/e-shop/public/index.php | Line: 13
-------------------------
[2023-07-03 23:03:49] Message: Fuck It's ERROR :-( | File: /home/alex/www/e-shop/public/index.php | Line: 13
-------------------------
[2023-07-03 23:04:25] Message: Fuck It's ERROR :-( | File: /home/alex/www/e-shop/public/index.php | Line: 13
-------------------------
[2023-07-03 23:04:26] Message: Fuck It's ERROR :-( | File: /home/alex/www/e-shop/public/index.php | Line: 13
-------------------------
[2023-07-03 23:04:26] Message: Fuck It's ERROR :-( | File: /home/alex/www/e-shop/public/index.php | Line: 13
-------------------------
[2023-07-03 23:04:26] Message: Fuck It's ERROR :-( | File: /home/alex/www/e-shop/public/index.php | Line: 13
-------------------------
[2023-07-03 23:04:26] Message: Fuck It's ERROR :-( | File: /home/alex/www/e-shop/public/index.php | Line: 13
-------------------------
[2023-07-03 23:04:26] Message: Fuck It's ERROR :-( | File: /home/alex/www/e-shop/public/index.php | Line: 13
-------------------------
[2023-07-03 23:04:26] Message: Fuck It's ERROR :-( | File: /home/alex/www/e-shop/public/index.php | Line: 13
-------------------------
[2023-07-03 23:04:26] Message: Fuck It's ERROR :-( | File: /home/alex/www/e-shop/public/index.php | Line: 13
-------------------------
[2023-07-03 23:04:26] Message: Fuck It's ERROR :-( | File: /home/alex/www/e-shop/public/index.php | Line: 13
-------------------------
[2023-07-03 23:04:28] Message: Fuck It's ERROR :-( | File: /home/alex/www/e-shop/public/index.php | Line: 13
-------------------------
[2023-07-03 23:04:28] Message: Fuck It's ERROR :-( | File: /home/alex/www/e-shop/public/index.php | Line: 13
-------------------------
[2023-07-03 23:04:28] Message: Fuck It's ERROR :-( | File: /home/alex/www/e-shop/public/index.php | Line: 13
-------------------------
[2023-07-03 23:04:28] Message: Fuck It's ERROR :-( | File: /home/alex/www/e-shop/public/index.php | Line: 13
-------------------------
[2023-07-03 23:04:28] Message: Fuck It's ERROR :-( | File: /home/alex/www/e-shop/public/index.php | Line: 13
-------------------------
[2023-07-03 23:04:28] Message: Fuck It's ERROR :-( | File: /home/alex/www/e-shop/public/index.php | Line: 13
-------------------------
[2023-07-03 23:04:28] Message: Fuck It's ERROR :-( | File: /home/alex/www/e-shop/public/index.php | Line: 13
-------------------------
[2023-07-03 23:04:28] Message: Fuck It's ERROR :-( | File: /home/alex/www/e-shop/public/index.php | Line: 13
-------------------------
[2023-07-03 23:04:28] Message: Fuck It's ERROR :-( | File: /home/alex/www/e-shop/public/index.php | Line: 13
-------------------------
[2023-07-03 23:04:28] Message: Fuck It's ERROR :-( | File: /home/alex/www/e-shop/public/index.php | Line: 13
-------------------------
[2023-07-03 23:04:28] Message: Fuck It's ERROR :-( | File: /home/alex/www/e-shop/public/index.php | Line: 13
-------------------------
[2023-07-03 23:04:28] Message: Fuck It's ERROR :-( | File: /home/alex/www/e-shop/public/index.php | Line: 13
-------------------------
[2023-07-03 23:04:28] Message: Fuck It's ERROR :-( | File: /home/alex/www/e-shop/public/index.php | Line: 13
-------------------------
[2023-07-03 23:04:28] Message: Fuck It's ERROR :-( | File: /home/alex/www/e-shop/public/index.php | Line: 13
-------------------------
[2023-07-03 23:04:28] Message: Fuck It's ERROR :-( | File: /home/alex/www/e-shop/public/index.php | Line: 13
-------------------------
[2023-07-03 23:04:28] Message: Fuck It's ERROR :-( | File: /home/alex/www/e-shop/public/index.php | Line: 13
-------------------------
[2023-07-03 23:04:28] Message: Fuck It's ERROR :-( | File: /home/alex/www/e-shop/public/index.php | Line: 13
-------------------------
[2023-07-03 23:04:28] Message: Fuck It's ERROR :-( | File: /home/alex/www/e-shop/public/index.php | Line: 13
-------------------------
[2023-07-03 23:04:29] Message: Fuck It's ERROR :-( | File: /home/alex/www/e-shop/public/index.php | Line: 13
-------------------------
[2023-07-03 23:04:29] Message: Fuck It's ERROR :-( | File: /home/alex/www/e-shop/public/index.php | Line: 13
-------------------------
[2023-07-03 23:04:29] Message: Fuck It's ERROR :-( | File: /home/alex/www/e-shop/public/index.php | Line: 13
-------------------------
[2023-07-03 23:04:29] Message: Fuck It's ERROR :-( | File: /home/alex/www/e-shop/public/index.php | Line: 13
-------------------------
[2023-07-03 23:04:29] Message: Fuck It's ERROR :-( | File: /home/alex/www/e-shop/public/index.php | Line: 13
-------------------------
[2023-07-03 23:04:29] Message: Fuck It's ERROR :-( | File: /home/alex/www/e-shop/public/index.php | Line: 13
-------------------------
[2023-07-03 23:04:29] Message: Fuck It's ERROR :-( | File: /home/alex/www/e-shop/public/index.php | Line: 13
-------------------------
[2023-07-03 23:04:29] Message: Fuck It's ERROR :-( | File: /home/alex/www/e-shop/public/index.php | Line: 13
-------------------------
[2023-07-03 23:04:29] Message: Fuck It's ERROR :-( | File: /home/alex/www/e-shop/public/index.php | Line: 13
-------------------------
[2023-07-03 23:04:42] Message: Fuck It's ERROR :-( | File: /home/alex/www/e-shop/public/index.php | Line: 13
-------------------------
[2023-07-03 23:04:42] Message: Fuck It's ERROR :-( | File: /home/alex/www/e-shop/public/index.php | Line: 13
-------------------------
[2023-07-03 23:04:42] Message: Fuck It's ERROR :-( | File: /home/alex/www/e-shop/public/index.php | Line: 13
-------------------------
[2023-07-03 23:04:42] Message: Fuck It's ERROR :-( | File: /home/alex/www/e-shop/public/index.php | Line: 13
-------------------------
[2023-07-03 23:04:42] Message: Fuck It's ERROR :-( | File: /home/alex/www/e-shop/public/index.php | Line: 13
-------------------------
[2023-07-03 23:04:42] Message: Fuck It's ERROR :-( | File: /home/alex/www/e-shop/public/index.php | Line: 13
-------------------------
[2023-07-03 23:04:43] Message: Fuck It's ERROR :-( | File: /home/alex/www/e-shop/public/index.php | Line: 13
-------------------------
[2023-07-03 23:04:43] Message: Fuck It's ERROR :-( | File: /home/alex/www/e-shop/public/index.php | Line: 13
-------------------------
[2023-07-03 23:04:43] Message: Fuck It's ERROR :-( | File: /home/alex/www/e-shop/public/index.php | Line: 13
-------------------------
[2023-07-03 23:04:50] Message: Fuck It's ERROR :-( | File: /home/alex/www/e-shop/public/index.php | Line: 13
-------------------------
[2023-07-03 23:05:35] Message: Fuck It's ERROR :-( | File: /home/alex/www/e-shop/public/index.php | Line: 13
-------------------------
[2023-07-03 23:05:35] Message: Fuck It's ERROR :-( | File: /home/alex/www/e-shop/public/index.php | Line: 13
-------------------------
[2023-07-03 23:05:35] Message: Fuck It's ERROR :-( | File: /home/alex/www/e-shop/public/index.php | Line: 13
-------------------------
[2023-07-03 23:05:35] Message: Fuck It's ERROR :-( | File: /home/alex/www/e-shop/public/index.php | Line: 13
-------------------------
[2023-07-03 23:05:35] Message: Fuck It's ERROR :-( | File: /home/alex/www/e-shop/public/index.php | Line: 13
-------------------------
[2023-07-03 23:05:35] Message: Fuck It's ERROR :-( | File: /home/alex/www/e-shop/public/index.php | Line: 13
-------------------------
[2023-07-03 23:05:35] Message: Fuck It's ERROR :-( | File: /home/alex/www/e-shop/public/index.php | Line: 13
-------------------------
[2023-07-03 23:05:35] Message: Fuck It's ERROR :-( | File: /home/alex/www/e-shop/public/index.php | Line: 13
-------------------------
[2023-07-03 23:07:20] Message: Fuck It's ERROR :-( | File: /home/alex/www/e-shop/public/index.php | Line: 13
-------------------------
[2023-07-03 23:07:20] Message: Fuck It's ERROR :-( | File: /home/alex/www/e-shop/public/index.php | Line: 13
-------------------------
[2023-07-03 23:07:20] Message: Fuck It's ERROR :-( | File: /home/alex/www/e-shop/public/index.php | Line: 13
-------------------------
[2023-07-03 23:07:23] Message: Fuck It's ERROR :-( | File: /home/alex/www/e-shop/public/index.php | Line: 13
-------------------------
[2023-07-03 23:07:23] Message: Fuck It's ERROR :-( | File: /home/alex/www/e-shop/public/index.php | Line: 13
-------------------------
[2023-07-03 23:07:23] Message: Fuck It's ERROR :-( | File: /home/alex/www/e-shop/public/index.php | Line: 13
-------------------------
[2023-07-03 23:14:25] Message: Fuck It's ERROR :-( | File: /home/alex/www/e-shop/public/index.php | Line: 13
-------------------------
[2023-07-03 23:14:25] Message: Fuck It's ERROR :-( | File: /home/alex/www/e-shop/public/index.php | Line: 13
-------------------------
[2023-07-03 23:18:30] Message: Fuck It's ERROR :-( | File: /home/alex/www/e-shop/public/index.php | Line: 13
-------------------------
[2023-07-03 23:18:30] Message: Fuck It's ERROR :-( | File: /home/alex/www/e-shop/public/index.php | Line: 13
-------------------------
[2023-07-03 23:18:33] Message: Fuck It's ERROR :-( | File: /home/alex/www/e-shop/public/index.php | Line: 13
-------------------------
[2023-07-03 23:18:33] Message: Fuck It's ERROR :-( | File: /home/alex/www/e-shop/public/index.php | Line: 13
-------------------------
[2023-07-03 23:18:34] Message: Fuck It's ERROR :-( | File: /home/alex/www/e-shop/public/index.php | Line: 13
-------------------------
[2023-07-03 23:18:35] Message: Fuck It's ERROR :-( | File: /home/alex/www/e-shop/public/index.php | Line: 13
-------------------------
[2023-07-03 23:18:36] Message: Fuck It's ERROR :-( | File: /home/alex/www/e-shop/public/index.php | Line: 13
-------------------------
[2023-07-03 23:18:36] Message: Fuck It's ERROR :-( | File: /home/alex/www/e-shop/public/index.php | Line: 13
-------------------------
[2023-07-03 23:18:37] Message: Fuck It's ERROR :-( | File: /home/alex/www/e-shop/public/index.php | Line: 13
-------------------------
[2023-07-03 23:18:37] Message: Fuck It's ERROR :-( | File: /home/alex/www/e-shop/public/index.php | Line: 13
-------------------------
